2022-07-30T01:15:13+00:00 CRITICAL Maximum execution time of 120 seconds exceeded in C:\xampp\htdocs\wordpress\wp-content\plugins\woocommerce\templates\loop\add-to-cart.php on line 18

2022-07-30T01:40:10+00:00 CRITICAL syntax error, unexpected '}', expecting ';' or ',' in C:\xampp\htdocs\wordpress\wp-content\themes\sushi\functions.php on line 201

2022-07-30T01:40:12+00:00 CRITICAL syntax error, unexpected '}', expecting ';' or ',' in C:\xampp\htdocs\wordpress\wp-content\themes\sushi\functions.php on line 201

2022-07-30T02:40:32+00:00 CRITICAL Maximum execution time of 120 seconds exceeded in C:\xampp\htdocs\wordpress\wp-includes\kses.php on line 1834

2022-07-30T02:53:59+00:00 CRITICAL Maximum execution time of 120 seconds exceeded in C:\xampp\htdocs\wordpress\wp-content\plugins\woocommerce\templates\loop\sale-flash.php on line 18

2022-07-30T02:54:23+00:00 CRITICAL syntax error, unexpected '<', expecting end of file in C:\xampp\htdocs\wordpress\wp-content\themes\sushi\template-parts\content-mon-an-ngon.php on line 2

2022-07-30T03:27:10+00:00 CRITICAL syntax error, unexpected end of file in C:\xampp\htdocs\wordpress\wp-content\themes\sushi\template-parts\content-mon-an-ngon.php on line 291

2022-07-30T04:06:29+00:00 CRITICAL Uncaught Error: Call to a member function get_price_html() on null in C:\xampp\htdocs\wordpress\wp-content\themes\sushi\template-parts\content-monanngon-tabsushi-1.php:11
Stack trace:
#0 C:\xampp\htdocs\wordpress\wp-includes\template.php(772): require()
#1 C:\xampp\htdocs\wordpress\wp-includes\template.php(716): load_template('C:\\xampp\\htdocs...', false, Array)
#2 C:\xampp\htdocs\wordpress\wp-includes\general-template.php(204): locate_template(Array, true, false, Array)
#3 C:\xampp\htdocs\wordpress\wp-content\themes\sushi\template-parts\content-monanngon-tabsushi.php(28): get_template_part('template-parts/...', 'monanngon-tabsu...')
#4 C:\xampp\htdocs\wordpress\wp-includes\template.php(772): require('C:\\xampp\\htdocs...')
#5 C:\xampp\htdocs\wordpress\wp-includes\template.php(716): load_template('C:\\xampp\\htdocs...', false, Array)
#6 C:\xampp\htdocs\wordpress\wp-includes\general-template.php(204): locate_template(Array, true, false, Array)
#7 C:\xampp\htdocs\wordpress\wp-content\themes\sushi\template-part in C:\xampp\htdocs\wordpress\wp-content\themes\sushi\template-parts\content-monanngon-tabsushi-1.php on line 11

2022-07-30T04:38:06+00:00 CRITICAL syntax error, unexpected 'add_args' (T_STRING), expecting ')' in C:\xampp\htdocs\wordpress\wp-content\themes\sushi\template-parts\content-monanngon-tabsushi.php on line 48

2022-07-30T04:40:13+00:00 CRITICAL syntax error, unexpected 'class' (T_CLASS), expecting ')' in C:\xampp\htdocs\wordpress\wp-content\themes\sushi\template-parts\content-monanngon-tabsushi.php on line 46

2022-07-30T04:42:13+00:00 CRITICAL syntax error, unexpected '" class="' (T_CONSTANT_ENCAPSED_STRING), expecting ')' in C:\xampp\htdocs\wordpress\wp-content\themes\sushi\template-parts\content-monanngon-tabsushi.php on line 46

2022-07-30T04:43:33+00:00 CRITICAL Cannot use empty array elements in arrays in C:\xampp\htdocs\wordpress\wp-content\themes\sushi\template-parts\content-monanngon-tabsushi.php on line 46

2022-07-30T04:53:50+00:00 CRITICAL syntax error, unexpected end of file in C:\xampp\htdocs\wordpress\wp-content\themes\sushi\functions.php on line 252

2022-07-30T04:53:57+00:00 CRITICAL syntax error, unexpected end of file in C:\xampp\htdocs\wordpress\wp-content\themes\sushi\functions.php on line 252

2022-07-30T05:19:05+00:00 CRITICAL syntax error, unexpected '}', expecting end of file in C:\xampp\htdocs\wordpress\wp-content\themes\sushi\functions.php on line 262

2022-07-30T05:20:05+00:00 CRITICAL syntax error, unexpected '}', expecting end of file in C:\xampp\htdocs\wordpress\wp-content\themes\sushi\functions.php on line 262

2022-07-30T05:20:25+00:00 CRITICAL syntax error, unexpected '}', expecting end of file in C:\xampp\htdocs\wordpress\wp-content\themes\sushi\functions.php on line 262

