2022-07-31T01:29:29+00:00 CRITICAL Uncaught Error: Call to undefined function ptint_r() in C:\xampp\htdocs\wordpress\wp-content\themes\sushi\template-parts\content-monanngon-tabcomcuon.php:19
Stack trace:
#0 C:\xampp\htdocs\wordpress\wp-includes\template.php(772): require()
#1 C:\xampp\htdocs\wordpress\wp-includes\template.php(716): load_template('C:\\xampp\\htdocs...', false, Array)
#2 C:\xampp\htdocs\wordpress\wp-includes\general-template.php(204): locate_template(Array, true, false, Array)
#3 C:\xampp\htdocs\wordpress\wp-content\themes\sushi\template-parts\monanngon.php(37): get_template_part('template-parts/...', 'monanngon-tabco...')
#4 C:\xampp\htdocs\wordpress\wp-includes\template.php(772): require('C:\\xampp\\htdocs...')
#5 C:\xampp\htdocs\wordpress\wp-includes\template.php(716): load_template('C:\\xampp\\htdocs...', false, Array)
#6 C:\xampp\htdocs\wordpress\wp-includes\general-template.php(204): locate_template(Array, true, false, Array)
#7 C:\xampp\htdocs\wordpress\wp-content\themes\sushi\front-page.php(21): get_template_part('templ in C:\xampp\htdocs\wordpress\wp-content\themes\sushi\template-parts\content-monanngon-tabcomcuon.php on line 19

2022-07-31T01:29:41+00:00 CRITICAL Uncaught Error: Call to undefined function ptint_r() in C:\xampp\htdocs\wordpress\wp-content\themes\sushi\template-parts\content-monanngon-tabcomcuon.php:19
Stack trace:
#0 C:\xampp\htdocs\wordpress\wp-includes\template.php(772): require()
#1 C:\xampp\htdocs\wordpress\wp-includes\template.php(716): load_template('C:\\xampp\\htdocs...', false, Array)
#2 C:\xampp\htdocs\wordpress\wp-includes\general-template.php(204): locate_template(Array, true, false, Array)
#3 C:\xampp\htdocs\wordpress\wp-content\themes\sushi\template-parts\monanngon.php(37): get_template_part('template-parts/...', 'monanngon-tabco...')
#4 C:\xampp\htdocs\wordpress\wp-includes\template.php(772): require('C:\\xampp\\htdocs...')
#5 C:\xampp\htdocs\wordpress\wp-includes\template.php(716): load_template('C:\\xampp\\htdocs...', false, Array)
#6 C:\xampp\htdocs\wordpress\wp-includes\general-template.php(204): locate_template(Array, true, false, Array)
#7 C:\xampp\htdocs\wordpress\wp-content\themes\sushi\front-page.php(21): get_template_part('templ in C:\xampp\htdocs\wordpress\wp-content\themes\sushi\template-parts\content-monanngon-tabcomcuon.php on line 19

2022-07-31T01:30:10+00:00 CRITICAL Uncaught Error: Call to undefined function ptint_r() in C:\xampp\htdocs\wordpress\wp-content\themes\sushi\template-parts\content-monanngon-tabcomcuon.php:19
Stack trace:
#0 C:\xampp\htdocs\wordpress\wp-includes\template.php(772): require()
#1 C:\xampp\htdocs\wordpress\wp-includes\template.php(716): load_template('C:\\xampp\\htdocs...', false, Array)
#2 C:\xampp\htdocs\wordpress\wp-includes\general-template.php(204): locate_template(Array, true, false, Array)
#3 C:\xampp\htdocs\wordpress\wp-content\themes\sushi\template-parts\monanngon.php(37): get_template_part('template-parts/...', 'monanngon-tabco...')
#4 C:\xampp\htdocs\wordpress\wp-includes\template.php(772): require('C:\\xampp\\htdocs...')
#5 C:\xampp\htdocs\wordpress\wp-includes\template.php(716): load_template('C:\\xampp\\htdocs...', false, Array)
#6 C:\xampp\htdocs\wordpress\wp-includes\general-template.php(204): locate_template(Array, true, false, Array)
#7 C:\xampp\htdocs\wordpress\wp-content\themes\sushi\front-page.php(21): get_template_part('templ in C:\xampp\htdocs\wordpress\wp-content\themes\sushi\template-parts\content-monanngon-tabcomcuon.php on line 19

2022-07-31T01:30:12+00:00 CRITICAL Uncaught Error: Call to undefined function ptint_r() in C:\xampp\htdocs\wordpress\wp-content\themes\sushi\template-parts\content-monanngon-tabcomcuon.php:19
Stack trace:
#0 C:\xampp\htdocs\wordpress\wp-includes\template.php(772): require()
#1 C:\xampp\htdocs\wordpress\wp-includes\template.php(716): load_template('C:\\xampp\\htdocs...', false, Array)
#2 C:\xampp\htdocs\wordpress\wp-includes\general-template.php(204): locate_template(Array, true, false, Array)
#3 C:\xampp\htdocs\wordpress\wp-content\themes\sushi\template-parts\monanngon.php(37): get_template_part('template-parts/...', 'monanngon-tabco...')
#4 C:\xampp\htdocs\wordpress\wp-includes\template.php(772): require('C:\\xampp\\htdocs...')
#5 C:\xampp\htdocs\wordpress\wp-includes\template.php(716): load_template('C:\\xampp\\htdocs...', false, Array)
#6 C:\xampp\htdocs\wordpress\wp-includes\general-template.php(204): locate_template(Array, true, false, Array)
#7 C:\xampp\htdocs\wordpress\wp-content\themes\sushi\front-page.php(21): get_template_part('templ in C:\xampp\htdocs\wordpress\wp-content\themes\sushi\template-parts\content-monanngon-tabcomcuon.php on line 19

2022-07-31T01:31:30+00:00 CRITICAL Uncaught Error: Call to undefined function ptint_r() in C:\xampp\htdocs\wordpress\wp-content\themes\sushi\template-parts\content-monanngon-tabcomcuon.php:19
Stack trace:
#0 C:\xampp\htdocs\wordpress\wp-includes\template.php(772): require()
#1 C:\xampp\htdocs\wordpress\wp-includes\template.php(716): load_template('C:\\xampp\\htdocs...', false, Array)
#2 C:\xampp\htdocs\wordpress\wp-includes\general-template.php(204): locate_template(Array, true, false, Array)
#3 C:\xampp\htdocs\wordpress\wp-content\themes\sushi\template-parts\monanngon.php(37): get_template_part('template-parts/...', 'monanngon-tabco...')
#4 C:\xampp\htdocs\wordpress\wp-includes\template.php(772): require('C:\\xampp\\htdocs...')
#5 C:\xampp\htdocs\wordpress\wp-includes\template.php(716): load_template('C:\\xampp\\htdocs...', false, Array)
#6 C:\xampp\htdocs\wordpress\wp-includes\general-template.php(204): locate_template(Array, true, false, Array)
#7 C:\xampp\htdocs\wordpress\wp-content\themes\sushi\front-page.php(21): get_template_part('templ in C:\xampp\htdocs\wordpress\wp-content\themes\sushi\template-parts\content-monanngon-tabcomcuon.php on line 19

2022-07-31T01:33:02+00:00 CRITICAL Uncaught Error: Call to undefined function ptint_r() in C:\xampp\htdocs\wordpress\wp-content\themes\sushi\template-parts\content-monanngon-tabcomcuon.php:19
Stack trace:
#0 C:\xampp\htdocs\wordpress\wp-includes\template.php(772): require()
#1 C:\xampp\htdocs\wordpress\wp-includes\template.php(716): load_template('C:\\xampp\\htdocs...', false, Array)
#2 C:\xampp\htdocs\wordpress\wp-includes\general-template.php(204): locate_template(Array, true, false, Array)
#3 C:\xampp\htdocs\wordpress\wp-content\themes\sushi\template-parts\monanngon.php(37): get_template_part('template-parts/...', 'monanngon-tabco...')
#4 C:\xampp\htdocs\wordpress\wp-includes\template.php(772): require('C:\\xampp\\htdocs...')
#5 C:\xampp\htdocs\wordpress\wp-includes\template.php(716): load_template('C:\\xampp\\htdocs...', false, Array)
#6 C:\xampp\htdocs\wordpress\wp-includes\general-template.php(204): locate_template(Array, true, false, Array)
#7 C:\xampp\htdocs\wordpress\wp-content\themes\sushi\front-page.php(21): get_template_part('templ in C:\xampp\htdocs\wordpress\wp-content\themes\sushi\template-parts\content-monanngon-tabcomcuon.php on line 19

2022-07-31T01:34:12+00:00 CRITICAL Uncaught Error: Call to undefined function ptint_r() in C:\xampp\htdocs\wordpress\wp-content\themes\sushi\template-parts\content-monanngon-tabcomcuon.php:19
Stack trace:
#0 C:\xampp\htdocs\wordpress\wp-includes\template.php(772): require()
#1 C:\xampp\htdocs\wordpress\wp-includes\template.php(716): load_template('C:\\xampp\\htdocs...', false, Array)
#2 C:\xampp\htdocs\wordpress\wp-includes\general-template.php(204): locate_template(Array, true, false, Array)
#3 C:\xampp\htdocs\wordpress\wp-content\themes\sushi\template-parts\monanngon.php(37): get_template_part('template-parts/...', 'monanngon-tabco...')
#4 C:\xampp\htdocs\wordpress\wp-includes\template.php(772): require('C:\\xampp\\htdocs...')
#5 C:\xampp\htdocs\wordpress\wp-includes\template.php(716): load_template('C:\\xampp\\htdocs...', false, Array)
#6 C:\xampp\htdocs\wordpress\wp-includes\general-template.php(204): locate_template(Array, true, false, Array)
#7 C:\xampp\htdocs\wordpress\wp-content\themes\sushi\front-page.php(21): get_template_part('templ in C:\xampp\htdocs\wordpress\wp-content\themes\sushi\template-parts\content-monanngon-tabcomcuon.php on line 19

2022-07-31T03:10:04+00:00 CRITICAL syntax error, unexpected 'custom' (T_STRING) in C:\xampp\htdocs\wordpress\wp-content\themes\sushi\functions.php on line 264

2022-07-31T03:10:08+00:00 CRITICAL syntax error, unexpected 'custom' (T_STRING) in C:\xampp\htdocs\wordpress\wp-content\themes\sushi\functions.php on line 264

2022-07-31T03:10:16+00:00 CRITICAL syntax error, unexpected 'custom' (T_STRING) in C:\xampp\htdocs\wordpress\wp-content\themes\sushi\functions.php on line 264

2022-07-31T03:10:22+00:00 CRITICAL syntax error, unexpected 'custom' (T_STRING) in C:\xampp\htdocs\wordpress\wp-content\themes\sushi\functions.php on line 264

2022-07-31T03:10:27+00:00 CRITICAL syntax error, unexpected 'custom' (T_STRING) in C:\xampp\htdocs\wordpress\wp-content\themes\sushi\functions.php on line 264

2022-07-31T03:19:42+00:00 CRITICAL Cannot redeclare woo_add_title_meta_box() (previously declared in C:\xampp\htdocs\wordpress\wp-content\themes\sushi\functions.php:196) in C:\xampp\htdocs\wordpress\wp-content\themes\sushi\functions.php on line 289

2022-07-31T03:19:48+00:00 CRITICAL Cannot redeclare woo_add_title_meta_box() (previously declared in C:\xampp\htdocs\wordpress\wp-content\themes\sushi\functions.php:196) in C:\xampp\htdocs\wordpress\wp-content\themes\sushi\functions.php on line 289

2022-07-31T03:19:55+00:00 CRITICAL Cannot redeclare woo_add_title_meta_box() (previously declared in C:\xampp\htdocs\wordpress\wp-content\themes\sushi\functions.php:196) in C:\xampp\htdocs\wordpress\wp-content\themes\sushi\functions.php on line 289

2022-07-31T03:20:02+00:00 CRITICAL Cannot redeclare woo_add_title_meta_box() (previously declared in C:\xampp\htdocs\wordpress\wp-content\themes\sushi\functions.php:196) in C:\xampp\htdocs\wordpress\wp-content\themes\sushi\functions.php on line 289

2022-07-31T03:20:10+00:00 CRITICAL Cannot redeclare woo_add_title_meta_box() (previously declared in C:\xampp\htdocs\wordpress\wp-content\themes\sushi\functions.php:196) in C:\xampp\htdocs\wordpress\wp-content\themes\sushi\functions.php on line 289

2022-07-31T03:20:16+00:00 CRITICAL Cannot redeclare woo_add_title_meta_box() (previously declared in C:\xampp\htdocs\wordpress\wp-content\themes\sushi\functions.php:196) in C:\xampp\htdocs\wordpress\wp-content\themes\sushi\functions.php on line 289

2022-07-31T03:20:23+00:00 CRITICAL Cannot redeclare woo_add_title_meta_box() (previously declared in C:\xampp\htdocs\wordpress\wp-content\themes\sushi\functions.php:196) in C:\xampp\htdocs\wordpress\wp-content\themes\sushi\functions.php on line 289

2022-07-31T03:20:31+00:00 CRITICAL Cannot redeclare woo_add_title_meta_box() (previously declared in C:\xampp\htdocs\wordpress\wp-content\themes\sushi\functions.php:196) in C:\xampp\htdocs\wordpress\wp-content\themes\sushi\functions.php on line 289

2022-07-31T03:20:37+00:00 CRITICAL Cannot redeclare woo_add_title_meta_box() (previously declared in C:\xampp\htdocs\wordpress\wp-content\themes\sushi\functions.php:196) in C:\xampp\htdocs\wordpress\wp-content\themes\sushi\functions.php on line 289

2022-07-31T03:20:44+00:00 CRITICAL Cannot redeclare woo_add_title_meta_box() (previously declared in C:\xampp\htdocs\wordpress\wp-content\themes\sushi\functions.php:196) in C:\xampp\htdocs\wordpress\wp-content\themes\sushi\functions.php on line 289

2022-07-31T03:20:52+00:00 CRITICAL Cannot redeclare woo_add_title_meta_box() (previously declared in C:\xampp\htdocs\wordpress\wp-content\themes\sushi\functions.php:196) in C:\xampp\htdocs\wordpress\wp-content\themes\sushi\functions.php on line 289

2022-07-31T03:20:59+00:00 CRITICAL Cannot redeclare woo_add_title_meta_box() (previously declared in C:\xampp\htdocs\wordpress\wp-content\themes\sushi\functions.php:196) in C:\xampp\htdocs\wordpress\wp-content\themes\sushi\functions.php on line 289

2022-07-31T03:21:04+00:00 CRITICAL Cannot redeclare woo_add_title_meta_box() (previously declared in C:\xampp\htdocs\wordpress\wp-content\themes\sushi\functions.php:196) in C:\xampp\htdocs\wordpress\wp-content\themes\sushi\functions.php on line 289

2022-07-31T03:21:06+00:00 CRITICAL Cannot redeclare woo_add_title_meta_box() (previously declared in C:\xampp\htdocs\wordpress\wp-content\themes\sushi\functions.php:196) in C:\xampp\htdocs\wordpress\wp-content\themes\sushi\functions.php on line 289

2022-07-31T03:21:12+00:00 CRITICAL Cannot redeclare woo_add_title_meta_box() (previously declared in C:\xampp\htdocs\wordpress\wp-content\themes\sushi\functions.php:196) in C:\xampp\htdocs\wordpress\wp-content\themes\sushi\functions.php on line 289

2022-07-31T03:21:19+00:00 CRITICAL Cannot redeclare woo_add_title_meta_box() (previously declared in C:\xampp\htdocs\wordpress\wp-content\themes\sushi\functions.php:196) in C:\xampp\htdocs\wordpress\wp-content\themes\sushi\functions.php on line 289

2022-07-31T03:21:26+00:00 CRITICAL Cannot redeclare woo_add_title_meta_box() (previously declared in C:\xampp\htdocs\wordpress\wp-content\themes\sushi\functions.php:196) in C:\xampp\htdocs\wordpress\wp-content\themes\sushi\functions.php on line 289

2022-07-31T03:21:34+00:00 CRITICAL Cannot redeclare woo_add_title_meta_box() (previously declared in C:\xampp\htdocs\wordpress\wp-content\themes\sushi\functions.php:196) in C:\xampp\htdocs\wordpress\wp-content\themes\sushi\functions.php on line 289

2022-07-31T03:21:40+00:00 CRITICAL Cannot redeclare woo_add_title_meta_box() (previously declared in C:\xampp\htdocs\wordpress\wp-content\themes\sushi\functions.php:196) in C:\xampp\htdocs\wordpress\wp-content\themes\sushi\functions.php on line 289

2022-07-31T03:21:47+00:00 CRITICAL Cannot redeclare woo_add_title_meta_box() (previously declared in C:\xampp\htdocs\wordpress\wp-content\themes\sushi\functions.php:196) in C:\xampp\htdocs\wordpress\wp-content\themes\sushi\functions.php on line 289

2022-07-31T03:21:54+00:00 CRITICAL Cannot redeclare woo_add_title_meta_box() (previously declared in C:\xampp\htdocs\wordpress\wp-content\themes\sushi\functions.php:196) in C:\xampp\htdocs\wordpress\wp-content\themes\sushi\functions.php on line 289

2022-07-31T03:22:01+00:00 CRITICAL Cannot redeclare woo_add_title_meta_box() (previously declared in C:\xampp\htdocs\wordpress\wp-content\themes\sushi\functions.php:196) in C:\xampp\htdocs\wordpress\wp-content\themes\sushi\functions.php on line 289

2022-07-31T03:22:08+00:00 CRITICAL Cannot redeclare woo_add_title_meta_box() (previously declared in C:\xampp\htdocs\wordpress\wp-content\themes\sushi\functions.php:196) in C:\xampp\htdocs\wordpress\wp-content\themes\sushi\functions.php on line 289

2022-07-31T03:22:16+00:00 CRITICAL Cannot redeclare woo_add_title_meta_box() (previously declared in C:\xampp\htdocs\wordpress\wp-content\themes\sushi\functions.php:196) in C:\xampp\htdocs\wordpress\wp-content\themes\sushi\functions.php on line 289

2022-07-31T03:22:23+00:00 CRITICAL Cannot redeclare woo_add_title_meta_box() (previously declared in C:\xampp\htdocs\wordpress\wp-content\themes\sushi\functions.php:196) in C:\xampp\htdocs\wordpress\wp-content\themes\sushi\functions.php on line 289

2022-07-31T03:22:29+00:00 CRITICAL Cannot redeclare woo_add_title_meta_box() (previously declared in C:\xampp\htdocs\wordpress\wp-content\themes\sushi\functions.php:196) in C:\xampp\htdocs\wordpress\wp-content\themes\sushi\functions.php on line 289

2022-07-31T03:22:36+00:00 CRITICAL Cannot redeclare woo_add_title_meta_box() (previously declared in C:\xampp\htdocs\wordpress\wp-content\themes\sushi\functions.php:196) in C:\xampp\htdocs\wordpress\wp-content\themes\sushi\functions.php on line 289

2022-07-31T03:22:43+00:00 CRITICAL Cannot redeclare woo_add_title_meta_box() (previously declared in C:\xampp\htdocs\wordpress\wp-content\themes\sushi\functions.php:196) in C:\xampp\htdocs\wordpress\wp-content\themes\sushi\functions.php on line 289

2022-07-31T03:22:50+00:00 CRITICAL Cannot redeclare woo_add_title_meta_box() (previously declared in C:\xampp\htdocs\wordpress\wp-content\themes\sushi\functions.php:196) in C:\xampp\htdocs\wordpress\wp-content\themes\sushi\functions.php on line 289

2022-07-31T03:22:57+00:00 CRITICAL Cannot redeclare woo_add_title_meta_box() (previously declared in C:\xampp\htdocs\wordpress\wp-content\themes\sushi\functions.php:196) in C:\xampp\htdocs\wordpress\wp-content\themes\sushi\functions.php on line 289

2022-07-31T03:23:05+00:00 CRITICAL Cannot redeclare woo_add_title_meta_box() (previously declared in C:\xampp\htdocs\wordpress\wp-content\themes\sushi\functions.php:196) in C:\xampp\htdocs\wordpress\wp-content\themes\sushi\functions.php on line 289

2022-07-31T03:23:05+00:00 CRITICAL Cannot redeclare woo_add_title_meta_box() (previously declared in C:\xampp\htdocs\wordpress\wp-content\themes\sushi\functions.php:196) in C:\xampp\htdocs\wordpress\wp-content\themes\sushi\functions.php on line 289

2022-07-31T03:23:12+00:00 CRITICAL Cannot redeclare woo_add_title_meta_box() (previously declared in C:\xampp\htdocs\wordpress\wp-content\themes\sushi\functions.php:196) in C:\xampp\htdocs\wordpress\wp-content\themes\sushi\functions.php on line 289

2022-07-31T03:23:18+00:00 CRITICAL Cannot redeclare woo_add_title_meta_box() (previously declared in C:\xampp\htdocs\wordpress\wp-content\themes\sushi\functions.php:196) in C:\xampp\htdocs\wordpress\wp-content\themes\sushi\functions.php on line 289

2022-07-31T03:23:20+00:00 CRITICAL Cannot redeclare woo_add_title_meta_box() (previously declared in C:\xampp\htdocs\wordpress\wp-content\themes\sushi\functions.php:196) in C:\xampp\htdocs\wordpress\wp-content\themes\sushi\functions.php on line 289

2022-07-31T03:23:21+00:00 CRITICAL Cannot redeclare woo_add_title_meta_box() (previously declared in C:\xampp\htdocs\wordpress\wp-content\themes\sushi\functions.php:196) in C:\xampp\htdocs\wordpress\wp-content\themes\sushi\functions.php on line 289

2022-07-31T03:23:42+00:00 CRITICAL Cannot redeclare woo_add_title_meta_box() (previously declared in C:\xampp\htdocs\wordpress\wp-content\themes\sushi\functions.php:196) in C:\xampp\htdocs\wordpress\wp-content\themes\sushi\functions.php on line 289

2022-07-31T03:24:15+00:00 CRITICAL Cannot redeclare woo_title_meta_box_save() (previously declared in C:\xampp\htdocs\wordpress\wp-content\themes\sushi\functions.php:209) in C:\xampp\htdocs\wordpress\wp-content\themes\sushi\functions.php on line 303

2022-07-31T03:42:09+00:00 CRITICAL Maximum execution time of 120 seconds exceeded in C:\xampp\htdocs\wordpress\wp-includes\theme.php on line 350

